
RESULT EPOCH: 0 
+------------------+-------------------+-------------------+--------------------+
|   top_5_accuracy |   top_10_accuracy |   top_20_accuracy |   top_100_accuracy |
|------------------+-------------------+-------------------+--------------------|
|          0.04814 |         0.0678337 |         0.0949672 |           0.207877 |
+------------------+-------------------+-------------------+--------------------+
EVALUATING MODEL...

RESULT EPOCH: 1 
+------------------+-------------------+-------------------+--------------------+
|   top_5_accuracy |   top_10_accuracy |   top_20_accuracy |   top_100_accuracy |
|------------------+-------------------+-------------------+--------------------|
|         0.229759 |          0.306783 |          0.392123 |            0.60744 |
+------------------+-------------------+-------------------+--------------------+
EVALUATING MODEL...

RESULT EPOCH: 2 
+------------------+-------------------+-------------------+--------------------+
|   top_5_accuracy |   top_10_accuracy |   top_20_accuracy |   top_100_accuracy |
|------------------+-------------------+-------------------+--------------------|
|         0.399125 |          0.491904 |          0.584683 |           0.796937 |
+------------------+-------------------+-------------------+--------------------+
EVALUATING MODEL...

RESULT EPOCH: 3 
+------------------+-------------------+-------------------+--------------------+
|   top_5_accuracy |   top_10_accuracy |   top_20_accuracy |   top_100_accuracy |
|------------------+-------------------+-------------------+--------------------|
|         0.479212 |          0.582057 |          0.674398 |           0.850766 |
+------------------+-------------------+-------------------+--------------------+
EVALUATING MODEL...

RESULT EPOCH: 4 
+------------------+-------------------+-------------------+--------------------+
|   top_5_accuracy |   top_10_accuracy |   top_20_accuracy |   top_100_accuracy |
|------------------+-------------------+-------------------+--------------------|
|         0.524726 |          0.626696 |          0.717287 |           0.876586 |
+------------------+-------------------+-------------------+--------------------+
EVALUATING MODEL...

RESULT EPOCH: 5 
+------------------+-------------------+-------------------+--------------------+
|   top_5_accuracy |   top_10_accuracy |   top_20_accuracy |   top_100_accuracy |
|------------------+-------------------+-------------------+--------------------|
|         0.547484 |          0.653829 |          0.734792 |            0.88709 |
+------------------+-------------------+-------------------+--------------------+
EVALUATING MODEL...

RESULT EPOCH: 6 
+------------------+-------------------+-------------------+--------------------+
|   top_5_accuracy |   top_10_accuracy |   top_20_accuracy |   top_100_accuracy |
|------------------+-------------------+-------------------+--------------------|
|         0.558425 |          0.661707 |          0.743982 |           0.890153 |
+------------------+-------------------+-------------------+--------------------+
EVALUATING MODEL...

RESULT EPOCH: 7 
+------------------+-------------------+-------------------+--------------------+
|   top_5_accuracy |   top_10_accuracy |   top_20_accuracy |   top_100_accuracy |
|------------------+-------------------+-------------------+--------------------|
|         0.571991 |          0.669147 |          0.752298 |           0.900656 |
+------------------+-------------------+-------------------+--------------------+
EVALUATING MODEL...

RESULT EPOCH: 8 
+------------------+-------------------+-------------------+--------------------+
|   top_5_accuracy |   top_10_accuracy |   top_20_accuracy |   top_100_accuracy |
|------------------+-------------------+-------------------+--------------------|
|         0.583807 |          0.685777 |          0.770241 |           0.902845 |
+------------------+-------------------+-------------------+--------------------+
EVALUATING MODEL...

RESULT EPOCH: 9 
+------------------+-------------------+-------------------+--------------------+
|   top_5_accuracy |   top_10_accuracy |   top_20_accuracy |   top_100_accuracy |
|------------------+-------------------+-------------------+--------------------|
|         0.603939 |          0.698031 |          0.782495 |           0.910284 |
+------------------+-------------------+-------------------+--------------------+
EVALUATING MODEL...

RESULT EPOCH: 10 
+------------------+-------------------+-------------------+--------------------+
|   top_5_accuracy |   top_10_accuracy |   top_20_accuracy |   top_100_accuracy |
|------------------+-------------------+-------------------+--------------------|
|         0.605252 |          0.702845 |          0.778993 |            0.91291 |
+------------------+-------------------+-------------------+--------------------+
EVALUATING MODEL...

RESULT EPOCH: 11 
+------------------+-------------------+-------------------+--------------------+
|   top_5_accuracy |   top_10_accuracy |   top_20_accuracy |   top_100_accuracy |
|------------------+-------------------+-------------------+--------------------|
|         0.603939 |          0.700656 |          0.776805 |           0.909847 |
+------------------+-------------------+-------------------+--------------------+
EVALUATING MODEL...

RESULT EPOCH: 12 
+------------------+-------------------+-------------------+--------------------+
|   top_5_accuracy |   top_10_accuracy |   top_20_accuracy |   top_100_accuracy |
|------------------+-------------------+-------------------+--------------------|
|         0.607002 |          0.702845 |           0.77593 |           0.909409 |
+------------------+-------------------+-------------------+--------------------+
EVALUATING MODEL...

RESULT EPOCH: 13 
+------------------+-------------------+-------------------+--------------------+
|   top_5_accuracy |   top_10_accuracy |   top_20_accuracy |   top_100_accuracy |
|------------------+-------------------+-------------------+--------------------|
|         0.607002 |           0.70372 |          0.781182 |           0.910722 |
+------------------+-------------------+-------------------+--------------------+
EVALUATING MODEL...

RESULT EPOCH: 14 
+------------------+-------------------+-------------------+--------------------+
|   top_5_accuracy |   top_10_accuracy |   top_20_accuracy |   top_100_accuracy |
|------------------+-------------------+-------------------+--------------------|
|          0.61663 |           0.71116 |          0.790372 |           0.915974 |
+------------------+-------------------+-------------------+--------------------+
EVALUATING MODEL...

RESULT EPOCH: 15 
+------------------+-------------------+-------------------+--------------------+
|   top_5_accuracy |   top_10_accuracy |   top_20_accuracy |   top_100_accuracy |
|------------------+-------------------+-------------------+--------------------|
|         0.611816 |          0.708096 |          0.778556 |           0.915098 |
+------------------+-------------------+-------------------+--------------------+
