
RESULT EPOCH: 0 
+------------------+-------------------+-------------------+--------------------+
|   top_5_accuracy |   top_10_accuracy |   top_20_accuracy |   top_100_accuracy |
|------------------+-------------------+-------------------+--------------------|
|          0.04814 |         0.0678337 |         0.0949672 |           0.207877 |
+------------------+-------------------+-------------------+--------------------+
EVALUATING MODEL...

RESULT EPOCH: 1 
+------------------+-------------------+-------------------+--------------------+
|   top_5_accuracy |   top_10_accuracy |   top_20_accuracy |   top_100_accuracy |
|------------------+-------------------+-------------------+--------------------|
|         0.295405 |          0.393435 |           0.47965 |           0.698468 |
+------------------+-------------------+-------------------+--------------------+
EVALUATING MODEL...

RESULT EPOCH: 2 
+------------------+-------------------+-------------------+--------------------+
|   top_5_accuracy |   top_10_accuracy |   top_20_accuracy |   top_100_accuracy |
|------------------+-------------------+-------------------+--------------------|
|         0.477024 |          0.582057 |          0.673523 |           0.846389 |
+------------------+-------------------+-------------------+--------------------+
EVALUATING MODEL...

RESULT EPOCH: 3 
+------------------+-------------------+-------------------+--------------------+
|   top_5_accuracy |   top_10_accuracy |   top_20_accuracy |   top_100_accuracy |
|------------------+-------------------+-------------------+--------------------|
|          0.53523 |          0.636761 |          0.713348 |           0.878337 |
+------------------+-------------------+-------------------+--------------------+
EVALUATING MODEL...

RESULT EPOCH: 4 
+------------------+-------------------+-------------------+--------------------+
|   top_5_accuracy |   top_10_accuracy |   top_20_accuracy |   top_100_accuracy |
|------------------+-------------------+-------------------+--------------------|
|         0.553173 |          0.653392 |          0.733917 |            0.87965 |
+------------------+-------------------+-------------------+--------------------+
EVALUATING MODEL...

RESULT EPOCH: 5 
+------------------+-------------------+-------------------+--------------------+
|   top_5_accuracy |   top_10_accuracy |   top_20_accuracy |   top_100_accuracy |
|------------------+-------------------+-------------------+--------------------|
|         0.574617 |          0.673085 |          0.757987 |           0.892341 |
+------------------+-------------------+-------------------+--------------------+
EVALUATING MODEL...

RESULT EPOCH: 6 
+------------------+-------------------+-------------------+--------------------+
|   top_5_accuracy |   top_10_accuracy |   top_20_accuracy |   top_100_accuracy |
|------------------+-------------------+-------------------+--------------------|
|         0.592123 |          0.691466 |          0.778118 |           0.900656 |
+------------------+-------------------+-------------------+--------------------+
EVALUATING MODEL...

RESULT EPOCH: 7 
+------------------+-------------------+-------------------+--------------------+
|   top_5_accuracy |   top_10_accuracy |   top_20_accuracy |   top_100_accuracy |
|------------------+-------------------+-------------------+--------------------|
|         0.592123 |          0.695842 |           0.76674 |           0.906346 |
+------------------+-------------------+-------------------+--------------------+
EVALUATING MODEL...

RESULT EPOCH: 8 
+------------------+-------------------+-------------------+--------------------+
|   top_5_accuracy |   top_10_accuracy |   top_20_accuracy |   top_100_accuracy |
|------------------+-------------------+-------------------+--------------------|
|         0.602626 |          0.692779 |          0.778993 |            0.90547 |
+------------------+-------------------+-------------------+--------------------+
EVALUATING MODEL...

RESULT EPOCH: 9 
+------------------+-------------------+-------------------+--------------------+
|   top_5_accuracy |   top_10_accuracy |   top_20_accuracy |   top_100_accuracy |
|------------------+-------------------+-------------------+--------------------|
|         0.610941 |          0.720788 |          0.797374 |           0.921663 |
+------------------+-------------------+-------------------+--------------------+
EVALUATING MODEL...

RESULT EPOCH: 10 
+------------------+-------------------+-------------------+--------------------+
|   top_5_accuracy |   top_10_accuracy |   top_20_accuracy |   top_100_accuracy |
|------------------+-------------------+-------------------+--------------------|
|         0.618818 |          0.714661 |          0.793435 |           0.921225 |
+------------------+-------------------+-------------------+--------------------+
EVALUATING MODEL...

RESULT EPOCH: 11 
+------------------+-------------------+-------------------+--------------------+
|   top_5_accuracy |   top_10_accuracy |   top_20_accuracy |   top_100_accuracy |
|------------------+-------------------+-------------------+--------------------|
|         0.606565 |          0.698031 |          0.779869 |           0.907659 |
+------------------+-------------------+-------------------+--------------------+
EVALUATING MODEL...

RESULT EPOCH: 12 
+------------------+-------------------+-------------------+--------------------+
|   top_5_accuracy |   top_10_accuracy |   top_20_accuracy |   top_100_accuracy |
|------------------+-------------------+-------------------+--------------------|
|         0.645952 |          0.730416 |          0.814442 |           0.928665 |
+------------------+-------------------+-------------------+--------------------+
EVALUATING MODEL...

RESULT EPOCH: 13 
+------------------+-------------------+-------------------+--------------------+
|   top_5_accuracy |   top_10_accuracy |   top_20_accuracy |   top_100_accuracy |
|------------------+-------------------+-------------------+--------------------|
|         0.605252 |          0.700219 |          0.789059 |           0.915098 |
+------------------+-------------------+-------------------+--------------------+
EVALUATING MODEL...

RESULT EPOCH: 14 
+------------------+-------------------+-------------------+--------------------+
|   top_5_accuracy |   top_10_accuracy |   top_20_accuracy |   top_100_accuracy |
|------------------+-------------------+-------------------+--------------------|
|         0.637637 |          0.731729 |          0.811379 |            0.92779 |
+------------------+-------------------+-------------------+--------------------+
EVALUATING MODEL...

RESULT EPOCH: 15 
+------------------+-------------------+-------------------+--------------------+
|   top_5_accuracy |   top_10_accuracy |   top_20_accuracy |   top_100_accuracy |
|------------------+-------------------+-------------------+--------------------|
|         0.628446 |          0.725164 |          0.802626 |           0.918162 |
+------------------+-------------------+-------------------+--------------------+
