
RESULT EPOCH: 0 
+------------------+-------------------+-------------------+--------------------+
|   top_5_accuracy |   top_10_accuracy |   top_20_accuracy |   top_100_accuracy |
|------------------+-------------------+-------------------+--------------------|
|                0 |        0.00218818 |        0.00437637 |          0.0196937 |
+------------------+-------------------+-------------------+--------------------+
EVALUATING MODEL...

RESULT EPOCH: 1 
+------------------+-------------------+-------------------+--------------------+
|   top_5_accuracy |   top_10_accuracy |   top_20_accuracy |   top_100_accuracy |
|------------------+-------------------+-------------------+--------------------|
|        0.0113786 |         0.0183807 |         0.0345733 |           0.122976 |
+------------------+-------------------+-------------------+--------------------+
EVALUATING MODEL...

RESULT EPOCH: 2 
+------------------+-------------------+-------------------+--------------------+
|   top_5_accuracy |   top_10_accuracy |   top_20_accuracy |   top_100_accuracy |
|------------------+-------------------+-------------------+--------------------|
|        0.0498906 |         0.0822757 |          0.133479 |           0.325602 |
+------------------+-------------------+-------------------+--------------------+
EVALUATING MODEL...

RESULT EPOCH: 3 
+------------------+-------------------+-------------------+--------------------+
|   top_5_accuracy |   top_10_accuracy |   top_20_accuracy |   top_100_accuracy |
|------------------+-------------------+-------------------+--------------------|
|         0.199562 |          0.277462 |          0.389934 |           0.649453 |
+------------------+-------------------+-------------------+--------------------+
EVALUATING MODEL...

RESULT EPOCH: 4 
+------------------+-------------------+-------------------+--------------------+
|   top_5_accuracy |   top_10_accuracy |   top_20_accuracy |   top_100_accuracy |
|------------------+-------------------+-------------------+--------------------|
|         0.287527 |          0.384245 |          0.503282 |           0.767177 |
+------------------+-------------------+-------------------+--------------------+
EVALUATING MODEL...

RESULT EPOCH: 5 
+------------------+-------------------+-------------------+--------------------+
|   top_5_accuracy |   top_10_accuracy |   top_20_accuracy |   top_100_accuracy |
|------------------+-------------------+-------------------+--------------------|
|          0.33698 |          0.450328 |          0.571554 |           0.807877 |
+------------------+-------------------+-------------------+--------------------+
EVALUATING MODEL...

RESULT EPOCH: 6 
+------------------+-------------------+-------------------+--------------------+
|   top_5_accuracy |   top_10_accuracy |   top_20_accuracy |   top_100_accuracy |
|------------------+-------------------+-------------------+--------------------|
|         0.373304 |          0.487965 |          0.603501 |           0.838512 |
+------------------+-------------------+-------------------+--------------------+
EVALUATING MODEL...

RESULT EPOCH: 7 
+------------------+-------------------+-------------------+--------------------+
|   top_5_accuracy |   top_10_accuracy |   top_20_accuracy |   top_100_accuracy |
|------------------+-------------------+-------------------+--------------------|
|         0.403501 |           0.52035 |          0.625821 |           0.841138 |
+------------------+-------------------+-------------------+--------------------+
EVALUATING MODEL...

RESULT EPOCH: 8 
+------------------+-------------------+-------------------+--------------------+
|   top_5_accuracy |   top_10_accuracy |   top_20_accuracy |   top_100_accuracy |
|------------------+-------------------+-------------------+--------------------|
|         0.416193 |          0.536543 |          0.652516 |           0.863895 |
+------------------+-------------------+-------------------+--------------------+
EVALUATING MODEL...

RESULT EPOCH: 9 
+------------------+-------------------+-------------------+--------------------+
|   top_5_accuracy |   top_10_accuracy |   top_20_accuracy |   top_100_accuracy |
|------------------+-------------------+-------------------+--------------------|
|         0.428884 |          0.541357 |          0.658206 |           0.870897 |
+------------------+-------------------+-------------------+--------------------+
EVALUATING MODEL...

RESULT EPOCH: 10 
+------------------+-------------------+-------------------+--------------------+
|   top_5_accuracy |   top_10_accuracy |   top_20_accuracy |   top_100_accuracy |
|------------------+-------------------+-------------------+--------------------|
|         0.441138 |          0.546171 |          0.665646 |           0.862582 |
+------------------+-------------------+-------------------+--------------------+
EVALUATING MODEL...

RESULT EPOCH: 11 
+------------------+-------------------+-------------------+--------------------+
|   top_5_accuracy |   top_10_accuracy |   top_20_accuracy |   top_100_accuracy |
|------------------+-------------------+-------------------+--------------------|
|         0.449453 |          0.562363 |           0.66477 |           0.857768 |
+------------------+-------------------+-------------------+--------------------+
EVALUATING MODEL...

RESULT EPOCH: 12 
+------------------+-------------------+-------------------+--------------------+
|   top_5_accuracy |   top_10_accuracy |   top_20_accuracy |   top_100_accuracy |
|------------------+-------------------+-------------------+--------------------|
|         0.476586 |          0.586433 |           0.69628 |           0.889716 |
+------------------+-------------------+-------------------+--------------------+
EVALUATING MODEL...

RESULT EPOCH: 13 
+------------------+-------------------+-------------------+--------------------+
|   top_5_accuracy |   top_10_accuracy |   top_20_accuracy |   top_100_accuracy |
|------------------+-------------------+-------------------+--------------------|
|         0.486214 |          0.592998 |          0.701969 |           0.879212 |
+------------------+-------------------+-------------------+--------------------+
EVALUATING MODEL...

RESULT EPOCH: 14 
+------------------+-------------------+-------------------+--------------------+
|   top_5_accuracy |   top_10_accuracy |   top_20_accuracy |   top_100_accuracy |
|------------------+-------------------+-------------------+--------------------|
|         0.475711 |          0.582495 |          0.694967 |           0.882276 |
+------------------+-------------------+-------------------+--------------------+
EVALUATING MODEL...

RESULT EPOCH: 15 
+------------------+-------------------+-------------------+--------------------+
|   top_5_accuracy |   top_10_accuracy |   top_20_accuracy |   top_100_accuracy |
|------------------+-------------------+-------------------+--------------------|
|         0.485339 |          0.584683 |           0.69453 |           0.871772 |
+------------------+-------------------+-------------------+--------------------+
