
RESULT EPOCH: 0 
+------------------+-------------------+-------------------+--------------------+
|   top_5_accuracy |   top_10_accuracy |   top_20_accuracy |   top_100_accuracy |
|------------------+-------------------+-------------------+--------------------|
|          0.04814 |         0.0678337 |         0.0949672 |           0.207877 |
+------------------+-------------------+-------------------+--------------------+
EVALUATING MODEL...

RESULT EPOCH: 1 
+------------------+-------------------+-------------------+--------------------+
|   top_5_accuracy |   top_10_accuracy |   top_20_accuracy |   top_100_accuracy |
|------------------+-------------------+-------------------+--------------------|
|         0.361926 |          0.446389 |          0.547046 |           0.762801 |
+------------------+-------------------+-------------------+--------------------+
EVALUATING MODEL...

RESULT EPOCH: 2 
+------------------+-------------------+-------------------+--------------------+
|   top_5_accuracy |   top_10_accuracy |   top_20_accuracy |   top_100_accuracy |
|------------------+-------------------+-------------------+--------------------|
|          0.51291 |          0.615755 |          0.697155 |           0.862144 |
+------------------+-------------------+-------------------+--------------------+
EVALUATING MODEL...

RESULT EPOCH: 3 
+------------------+-------------------+-------------------+--------------------+
|   top_5_accuracy |   top_10_accuracy |   top_20_accuracy |   top_100_accuracy |
|------------------+-------------------+-------------------+--------------------|
|         0.549234 |          0.646389 |          0.725164 |           0.880963 |
+------------------+-------------------+-------------------+--------------------+
EVALUATING MODEL...

RESULT EPOCH: 4 
+------------------+-------------------+-------------------+--------------------+
|   top_5_accuracy |   top_10_accuracy |   top_20_accuracy |   top_100_accuracy |
|------------------+-------------------+-------------------+--------------------|
|         0.575055 |          0.673961 |          0.761488 |           0.897593 |
+------------------+-------------------+-------------------+--------------------+
EVALUATING MODEL...

RESULT EPOCH: 5 
+------------------+-------------------+-------------------+--------------------+
|   top_5_accuracy |   top_10_accuracy |   top_20_accuracy |   top_100_accuracy |
|------------------+-------------------+-------------------+--------------------|
|         0.600438 |          0.700656 |          0.778993 |            0.91116 |
+------------------+-------------------+-------------------+--------------------+
EVALUATING MODEL...

RESULT EPOCH: 6 
+------------------+-------------------+-------------------+--------------------+
|   top_5_accuracy |   top_10_accuracy |   top_20_accuracy |   top_100_accuracy |
|------------------+-------------------+-------------------+--------------------|
|         0.610941 |          0.709847 |          0.785996 |           0.914661 |
+------------------+-------------------+-------------------+--------------------+
EVALUATING MODEL...

RESULT EPOCH: 7 
+------------------+-------------------+-------------------+--------------------+
|   top_5_accuracy |   top_10_accuracy |   top_20_accuracy |   top_100_accuracy |
|------------------+-------------------+-------------------+--------------------|
|         0.623632 |          0.714661 |          0.789934 |           0.922538 |
+------------------+-------------------+-------------------+--------------------+
EVALUATING MODEL...

RESULT EPOCH: 8 
+------------------+-------------------+-------------------+--------------------+
|   top_5_accuracy |   top_10_accuracy |   top_20_accuracy |   top_100_accuracy |
|------------------+-------------------+-------------------+--------------------|
|         0.625383 |          0.722538 |          0.793435 |           0.915536 |
+------------------+-------------------+-------------------+--------------------+
EVALUATING MODEL...

RESULT EPOCH: 9 
+------------------+-------------------+-------------------+--------------------+
|   top_5_accuracy |   top_10_accuracy |   top_20_accuracy |   top_100_accuracy |
|------------------+-------------------+-------------------+--------------------|
|         0.620569 |          0.712035 |          0.786871 |           0.926915 |
+------------------+-------------------+-------------------+--------------------+
EVALUATING MODEL...

RESULT EPOCH: 10 
+------------------+-------------------+-------------------+--------------------+
|   top_5_accuracy |   top_10_accuracy |   top_20_accuracy |   top_100_accuracy |
|------------------+-------------------+-------------------+--------------------|
|         0.627571 |          0.723414 |          0.806127 |           0.926915 |
+------------------+-------------------+-------------------+--------------------+
EVALUATING MODEL...

RESULT EPOCH: 11 
+------------------+-------------------+-------------------+--------------------+
|   top_5_accuracy |   top_10_accuracy |   top_20_accuracy |   top_100_accuracy |
|------------------+-------------------+-------------------+--------------------|
|         0.652954 |          0.740044 |          0.818381 |           0.930416 |
+------------------+-------------------+-------------------+--------------------+
EVALUATING MODEL...

RESULT EPOCH: 12 
+------------------+-------------------+-------------------+--------------------+
|   top_5_accuracy |   top_10_accuracy |   top_20_accuracy |   top_100_accuracy |
|------------------+-------------------+-------------------+--------------------|
|         0.628446 |          0.723851 |          0.805252 |           0.928665 |
+------------------+-------------------+-------------------+--------------------+
EVALUATING MODEL...

RESULT EPOCH: 13 
+------------------+-------------------+-------------------+--------------------+
|   top_5_accuracy |   top_10_accuracy |   top_20_accuracy |   top_100_accuracy |
|------------------+-------------------+-------------------+--------------------|
|         0.630635 |          0.723414 |          0.813129 |           0.933479 |
+------------------+-------------------+-------------------+--------------------+
EVALUATING MODEL...

RESULT EPOCH: 14 
+------------------+-------------------+-------------------+--------------------+
|   top_5_accuracy |   top_10_accuracy |   top_20_accuracy |   top_100_accuracy |
|------------------+-------------------+-------------------+--------------------|
|         0.645952 |          0.738293 |          0.822757 |            0.93523 |
+------------------+-------------------+-------------------+--------------------+
EVALUATING MODEL...

RESULT EPOCH: 15 
+------------------+-------------------+-------------------+--------------------+
|   top_5_accuracy |   top_10_accuracy |   top_20_accuracy |   top_100_accuracy |
|------------------+-------------------+-------------------+--------------------|
|         0.642888 |          0.736543 |          0.818818 |           0.930853 |
+------------------+-------------------+-------------------+--------------------+
