
RESULT EPOCH: 0 
+------------------+-------------------+-------------------+--------------------+
|   top_5_accuracy |   top_10_accuracy |   top_20_accuracy |   top_100_accuracy |
|------------------+-------------------+-------------------+--------------------|
|                0 |        0.00218818 |        0.00437637 |          0.0196937 |
+------------------+-------------------+-------------------+--------------------+
EVALUATING MODEL...

RESULT EPOCH: 1 
+------------------+-------------------+-------------------+--------------------+
|   top_5_accuracy |   top_10_accuracy |   top_20_accuracy |   top_100_accuracy |
|------------------+-------------------+-------------------+--------------------|
|        0.0140044 |         0.0231947 |         0.0450766 |           0.141357 |
+------------------+-------------------+-------------------+--------------------+
EVALUATING MODEL...

RESULT EPOCH: 2 
+------------------+-------------------+-------------------+--------------------+
|   top_5_accuracy |   top_10_accuracy |   top_20_accuracy |   top_100_accuracy |
|------------------+-------------------+-------------------+--------------------|
|         0.092779 |          0.146608 |          0.225821 |           0.466521 |
+------------------+-------------------+-------------------+--------------------+
EVALUATING MODEL...

RESULT EPOCH: 3 
+------------------+-------------------+-------------------+--------------------+
|   top_5_accuracy |   top_10_accuracy |   top_20_accuracy |   top_100_accuracy |
|------------------+-------------------+-------------------+--------------------|
|         0.277024 |          0.374617 |          0.486652 |           0.740044 |
+------------------+-------------------+-------------------+--------------------+
EVALUATING MODEL...

RESULT EPOCH: 4 
+------------------+-------------------+-------------------+--------------------+
|   top_5_accuracy |   top_10_accuracy |   top_20_accuracy |   top_100_accuracy |
|------------------+-------------------+-------------------+--------------------|
|         0.351422 |          0.479212 |          0.589059 |           0.814442 |
+------------------+-------------------+-------------------+--------------------+
EVALUATING MODEL...

RESULT EPOCH: 5 
+------------------+-------------------+-------------------+--------------------+
|   top_5_accuracy |   top_10_accuracy |   top_20_accuracy |   top_100_accuracy |
|------------------+-------------------+-------------------+--------------------|
|         0.397812 |          0.523851 |          0.635011 |           0.846389 |
+------------------+-------------------+-------------------+--------------------+
EVALUATING MODEL...

RESULT EPOCH: 6 
+------------------+-------------------+-------------------+--------------------+
|   top_5_accuracy |   top_10_accuracy |   top_20_accuracy |   top_100_accuracy |
|------------------+-------------------+-------------------+--------------------|
|         0.430635 |          0.557549 |          0.673961 |           0.863895 |
+------------------+-------------------+-------------------+--------------------+
EVALUATING MODEL...

RESULT EPOCH: 7 
+------------------+-------------------+-------------------+--------------------+
|   top_5_accuracy |   top_10_accuracy |   top_20_accuracy |   top_100_accuracy |
|------------------+-------------------+-------------------+--------------------|
|           0.4407 |           0.56674 |          0.677899 |           0.865646 |
+------------------+-------------------+-------------------+--------------------+
EVALUATING MODEL...

RESULT EPOCH: 8 
+------------------+-------------------+-------------------+--------------------+
|   top_5_accuracy |   top_10_accuracy |   top_20_accuracy |   top_100_accuracy |
|------------------+-------------------+-------------------+--------------------|
|         0.480525 |          0.600875 |          0.714661 |           0.889278 |
+------------------+-------------------+-------------------+--------------------+
EVALUATING MODEL...

RESULT EPOCH: 9 
+------------------+-------------------+-------------------+--------------------+
|   top_5_accuracy |   top_10_accuracy |   top_20_accuracy |   top_100_accuracy |
|------------------+-------------------+-------------------+--------------------|
|         0.486214 |          0.599125 |          0.715098 |           0.889716 |
+------------------+-------------------+-------------------+--------------------+
EVALUATING MODEL...

RESULT EPOCH: 10 
+------------------+-------------------+-------------------+--------------------+
|   top_5_accuracy |   top_10_accuracy |   top_20_accuracy |   top_100_accuracy |
|------------------+-------------------+-------------------+--------------------|
|         0.501532 |          0.611379 |          0.721225 |           0.892341 |
+------------------+-------------------+-------------------+--------------------+
EVALUATING MODEL...

RESULT EPOCH: 11 
+------------------+-------------------+-------------------+--------------------+
|   top_5_accuracy |   top_10_accuracy |   top_20_accuracy |   top_100_accuracy |
|------------------+-------------------+-------------------+--------------------|
|         0.508096 |          0.625383 |          0.731291 |           0.901969 |
+------------------+-------------------+-------------------+--------------------+
EVALUATING MODEL...

RESULT EPOCH: 12 
+------------------+-------------------+-------------------+--------------------+
|   top_5_accuracy |   top_10_accuracy |   top_20_accuracy |   top_100_accuracy |
|------------------+-------------------+-------------------+--------------------|
|         0.520788 |           0.62407 |          0.733042 |            0.89453 |
+------------------+-------------------+-------------------+--------------------+
EVALUATING MODEL...

RESULT EPOCH: 13 
+------------------+-------------------+-------------------+--------------------+
|   top_5_accuracy |   top_10_accuracy |   top_20_accuracy |   top_100_accuracy |
|------------------+-------------------+-------------------+--------------------|
|         0.498906 |          0.621007 |           0.72779 |           0.894092 |
+------------------+-------------------+-------------------+--------------------+
EVALUATING MODEL...

RESULT EPOCH: 14 
+------------------+-------------------+-------------------+--------------------+
|   top_5_accuracy |   top_10_accuracy |   top_20_accuracy |   top_100_accuracy |
|------------------+-------------------+-------------------+--------------------|
|         0.551422 |          0.651641 |          0.746608 |           0.902845 |
+------------------+-------------------+-------------------+--------------------+
EVALUATING MODEL...

RESULT EPOCH: 15 
+------------------+-------------------+-------------------+--------------------+
|   top_5_accuracy |   top_10_accuracy |   top_20_accuracy |   top_100_accuracy |
|------------------+-------------------+-------------------+--------------------|
|         0.499781 |          0.611816 |          0.717724 |           0.885339 |
+------------------+-------------------+-------------------+--------------------+
